<?xml version="1.0" encoding="UTF-8"?>
<testng-results ignored="0" total="5" passed="4" failed="1" skipped="0">
  <reporter-output>
  </reporter-output>
  <suite started-at="2024-01-17T19:17:05 IST" name="FREE CRM Application Test Automation Test Suite" finished-at="2024-01-17T19:22:26 IST" duration-ms="321191">
    <groups>
    </groups>
    <test started-at="2024-01-17T19:17:05 IST" name="Parth" finished-at="2024-01-17T19:22:26 IST" duration-ms="321191">
      <class name="Testcase.TransferinPatientExcel">
        <test-method is-config="true" signature="start()[pri:0, instance:Testcase.TransferinPatientExcel@196a42c3]" started-at="2024-01-17T19:17:05 IST" name="start" finished-at="2024-01-17T19:17:05 IST" duration-ms="3" status="PASS">
          <reporter-output>
          </reporter-output>
        </test-method> <!-- start -->
        <test-method is-config="true" signature="setUp()[pri:0, instance:Testcase.TransferinPatientExcel@196a42c3]" started-at="2024-01-17T19:17:05 IST" name="setUp" finished-at="2024-01-17T19:17:07 IST" duration-ms="2538" status="PASS">
          <reporter-output>
          </reporter-output>
        </test-method> <!-- setUp -->
        <test-method is-config="true" signature="URL()[pri:0, instance:Testcase.TransferinPatientExcel@196a42c3]" started-at="2024-01-17T19:17:08 IST" name="URL" finished-at="2024-01-17T19:17:18 IST" duration-ms="10425" status="PASS">
          <reporter-output>
          </reporter-output>
        </test-method> <!-- URL -->
        <test-method signature="transferwithpatient(java.lang.String,java.lang.String,java.lang.String,java.lang.String,java.lang.String,java.lang.String)[pri:0, instance:Testcase.TransferinPatientExcel@196a42c3]" started-at="2024-01-17T19:17:18 IST" name="transferwithpatient" data-provider="getTestData" finished-at="2024-01-17T19:17:56 IST" duration-ms="37345" status="FAIL">
          <params>
            <param index="0">
              <value>
                <![CDATA[guaifenesin 100 mg/5 mL oral liquid ]]>
              </value>
            </param>
            <param index="1">
              <value>
                <![CDATA[kammo]]>
              </value>
            </param>
            <param index="2">
              <value>
                <![CDATA[Jim]]>
              </value>
            </param>
            <param index="3">
              <value>
                <![CDATA[2.0]]>
              </value>
            </param>
            <param index="4">
              <value>
                <![CDATA[3057 mL(s)]]>
              </value>
            </param>
            <param index="5">
              <value>
                <![CDATA[3059.0]]>
              </value>
            </param>
          </params>
          <exception class="org.openqa.selenium.NoSuchElementException">
            <message>
              <![CDATA[Unable to locate element: /html[1]/body[1]/div[2]/div[1]/ul[1]/li[1]
For documentation on this error, please visit: https://www.selenium.dev/documentation/webdriver/troubleshooting/errors#no-such-element-exception
Build info: version: '4.16.1', revision: '9b4c83354e'
System info: os.name: 'Windows 11', os.arch: 'amd64', os.version: '10.0', java.version: '17.0.9'
Driver info: org.openqa.selenium.firefox.FirefoxDriver
Command: [89f70886-419a-484a-bc05-c13b5ba5a7c7, findElement {using=xpath, value=/html[1]/body[1]/div[2]/div[1]/ul[1]/li[1]}]
Capabilities {acceptInsecureCerts: true, browserName: firefox, browserVersion: 121.0.1, moz:accessibilityChecks: false, moz:buildID: 20240108143603, moz:debuggerAddress: 127.0.0.1:49058, moz:geckodriverVersion: 0.34.0, moz:headless: false, moz:platformVersion: 10.0, moz:processID: 10132, moz:profile: C:\Users\bhako\AppData\Loca..., moz:shutdownTimeout: 60000, moz:webdriverClick: true, moz:windowless: false, pageLoadStrategy: normal, platformName: windows, proxy: Proxy(), se:cdp: ws://127.0.0.1:49058/devtoo..., se:cdpVersion: 85.0, setWindowRect: true, strictFileInteractability: false, timeouts: {implicit: 0, pageLoad: 300000, script: 30000}, unhandledPromptBehavior: dismiss and notify}
Session ID: 89f70886-419a-484a-bc05-c13b5ba5a7c7]]>
            </message>
            <full-stacktrace>
              <![CDATA[org.openqa.selenium.NoSuchElementException: Unable to locate element: /html[1]/body[1]/div[2]/div[1]/ul[1]/li[1]
For documentation on this error, please visit: https://www.selenium.dev/documentation/webdriver/troubleshooting/errors#no-such-element-exception
Build info: version: '4.16.1', revision: '9b4c83354e'
System info: os.name: 'Windows 11', os.arch: 'amd64', os.version: '10.0', java.version: '17.0.9'
Driver info: org.openqa.selenium.firefox.FirefoxDriver
Command: [89f70886-419a-484a-bc05-c13b5ba5a7c7, findElement {using=xpath, value=/html[1]/body[1]/div[2]/div[1]/ul[1]/li[1]}]
Capabilities {acceptInsecureCerts: true, browserName: firefox, browserVersion: 121.0.1, moz:accessibilityChecks: false, moz:buildID: 20240108143603, moz:debuggerAddress: 127.0.0.1:49058, moz:geckodriverVersion: 0.34.0, moz:headless: false, moz:platformVersion: 10.0, moz:processID: 10132, moz:profile: C:\Users\bhako\AppData\Loca..., moz:shutdownTimeout: 60000, moz:webdriverClick: true, moz:windowless: false, pageLoadStrategy: normal, platformName: windows, proxy: Proxy(), se:cdp: ws://127.0.0.1:49058/devtoo..., se:cdpVersion: 85.0, setWindowRect: true, strictFileInteractability: false, timeouts: {implicit: 0, pageLoad: 300000, script: 30000}, unhandledPromptBehavior: dismiss and notify}
Session ID: 89f70886-419a-484a-bc05-c13b5ba5a7c7
at java.base/jdk.internal.reflect.NativeConstructorAccessorImpl.newInstance0(Native Method)
at java.base/jdk.internal.reflect.NativeConstructorAccessorImpl.newInstance(NativeConstructorAccessorImpl.java:77)
at java.base/jdk.internal.reflect.DelegatingConstructorAccessorImpl.newInstance(DelegatingConstructorAccessorImpl.java:45)
at java.base/java.lang.reflect.Constructor.newInstanceWithCaller(Constructor.java:499)
at java.base/java.lang.reflect.Constructor.newInstance(Constructor.java:480)
at org.openqa.selenium.remote.codec.w3c.W3CHttpResponseCodec.createException(W3CHttpResponseCodec.java:200)
at org.openqa.selenium.remote.codec.w3c.W3CHttpResponseCodec.decode(W3CHttpResponseCodec.java:133)
at org.openqa.selenium.remote.codec.w3c.W3CHttpResponseCodec.decode(W3CHttpResponseCodec.java:52)
at org.openqa.selenium.remote.HttpCommandExecutor.execute(HttpCommandExecutor.java:191)
at org.openqa.selenium.remote.service.DriverCommandExecutor.invokeExecute(DriverCommandExecutor.java:200)
at org.openqa.selenium.remote.service.DriverCommandExecutor.execute(DriverCommandExecutor.java:175)
at org.openqa.selenium.remote.RemoteWebDriver.execute(RemoteWebDriver.java:523)
at org.openqa.selenium.remote.ElementLocation$ElementFinder$2.findElement(ElementLocation.java:165)
at org.openqa.selenium.remote.ElementLocation.findElement(ElementLocation.java:59)
at org.openqa.selenium.remote.RemoteWebDriver.findElement(RemoteWebDriver.java:360)
at org.openqa.selenium.remote.RemoteWebDriver.findElement(RemoteWebDriver.java:354)
at Testcase.TransferinPatientExcel.transferwithpatient(TransferinPatientExcel.java:131)
at java.base/jdk.internal.reflect.NativeMethodAccessorImpl.invoke0(Native Method)
at java.base/jdk.internal.reflect.NativeMethodAccessorImpl.invoke(NativeMethodAccessorImpl.java:77)
at java.base/jdk.internal.reflect.DelegatingMethodAccessorImpl.invoke(DelegatingMethodAccessorImpl.java:43)
at java.base/java.lang.reflect.Method.invoke(Method.java:568)
at org.testng.internal.MethodInvocationHelper.invokeMethod(MethodInvocationHelper.java:133)
at org.testng.internal.TestInvoker.invokeMethod(TestInvoker.java:598)
at org.testng.internal.TestInvoker.invokeTestMethod(TestInvoker.java:173)
at org.testng.internal.MethodRunner.runInSequence(MethodRunner.java:46)
at org.testng.internal.TestInvoker$MethodInvocationAgent.invoke(TestInvoker.java:824)
at org.testng.internal.TestInvoker.invokeTestMethods(TestInvoker.java:146)
at org.testng.internal.TestMethodWorker.invokeTestMethods(TestMethodWorker.java:146)
at org.testng.internal.TestMethodWorker.run(TestMethodWorker.java:128)
at java.base/java.util.ArrayList.forEach(ArrayList.java:1511)
at org.testng.TestRunner.privateRun(TestRunner.java:794)
at org.testng.TestRunner.run(TestRunner.java:596)
at org.testng.SuiteRunner.runTest(SuiteRunner.java:377)
at org.testng.SuiteRunner.runSequentially(SuiteRunner.java:371)
at org.testng.SuiteRunner.privateRun(SuiteRunner.java:332)
at org.testng.SuiteRunner.run(SuiteRunner.java:276)
at org.testng.SuiteRunnerWorker.runSuite(SuiteRunnerWorker.java:53)
at org.testng.SuiteRunnerWorker.run(SuiteRunnerWorker.java:96)
at org.testng.TestNG.runSuitesSequentially(TestNG.java:1212)
at org.testng.TestNG.runSuitesLocally(TestNG.java:1134)
at org.testng.TestNG.runSuites(TestNG.java:1063)
at org.testng.TestNG.run(TestNG.java:1031)
at org.testng.remote.AbstractRemoteTestNG.run(AbstractRemoteTestNG.java:115)
at org.testng.remote.RemoteTestNG.initAndRun(RemoteTestNG.java:251)
at org.testng.remote.RemoteTestNG.main(RemoteTestNG.java:77)
]]>
            </full-stacktrace>
          </exception> <!-- org.openqa.selenium.NoSuchElementException -->
          <reporter-output>
          </reporter-output>
        </test-method> <!-- transferwithpatient -->
        <test-method is-config="true" signature="tearDown(org.testng.ITestResult)[pri:0, instance:Testcase.TransferinPatientExcel@196a42c3]" started-at="2024-01-17T19:17:56 IST" name="tearDown" finished-at="2024-01-17T19:18:04 IST" duration-ms="7930" status="PASS">
          <params>
            <param index="0">
              <value>
                <![CDATA[[TestResult name=transferwithpatient status=FAILURE method=TransferinPatientExcel.transferwithpatient(java.lang.String,java.lang.String,java.lang.String,java.lang.String,java.lang.String,java.lang.String)[pri:0, instance:Testcase.TransferinPatientExcel@196a42c3] output={null}]]]>
              </value>
            </param>
          </params>
          <reporter-output>
          </reporter-output>
        </test-method> <!-- tearDown -->
        <test-method is-config="true" signature="URL()[pri:0, instance:Testcase.TransferinPatientExcel@196a42c3]" started-at="2024-01-17T19:18:04 IST" name="URL" finished-at="2024-01-17T19:18:11 IST" duration-ms="7248" status="PASS">
          <reporter-output>
          </reporter-output>
        </test-method> <!-- URL -->
        <test-method signature="transferwithpatient(java.lang.String,java.lang.String,java.lang.String,java.lang.String,java.lang.String,java.lang.String)[pri:0, instance:Testcase.TransferinPatientExcel@196a42c3]" started-at="2024-01-17T19:18:11 IST" name="transferwithpatient" data-provider="getTestData" finished-at="2024-01-17T19:19:02 IST" duration-ms="51446" status="PASS">
          <params>
            <param index="0">
              <value>
                <![CDATA[venetoclax 50 mg tablet ]]>
              </value>
            </param>
            <param index="1">
              <value>
                <![CDATA[meera]]>
              </value>
            </param>
            <param index="2">
              <value>
                <![CDATA[Tony Jones]]>
              </value>
            </param>
            <param index="3">
              <value>
                <![CDATA[4.0]]>
              </value>
            </param>
            <param index="4">
              <value>
                <![CDATA[144 tablet(s)]]>
              </value>
            </param>
            <param index="5">
              <value>
                <![CDATA[148.0]]>
              </value>
            </param>
          </params>
          <reporter-output>
          </reporter-output>
        </test-method> <!-- transferwithpatient -->
        <test-method is-config="true" signature="tearDown(org.testng.ITestResult)[pri:0, instance:Testcase.TransferinPatientExcel@196a42c3]" started-at="2024-01-17T19:19:02 IST" name="tearDown" finished-at="2024-01-17T19:19:10 IST" duration-ms="7468" status="PASS">
          <params>
            <param index="0">
              <value>
                <![CDATA[[TestResult name=transferwithpatient status=SUCCESS method=TransferinPatientExcel.transferwithpatient(java.lang.String,java.lang.String,java.lang.String,java.lang.String,java.lang.String,java.lang.String)[pri:0, instance:Testcase.TransferinPatientExcel@196a42c3] output={null}]]]>
              </value>
            </param>
          </params>
          <reporter-output>
          </reporter-output>
        </test-method> <!-- tearDown -->
        <test-method is-config="true" signature="URL()[pri:0, instance:Testcase.TransferinPatientExcel@196a42c3]" started-at="2024-01-17T19:19:10 IST" name="URL" finished-at="2024-01-17T19:19:17 IST" duration-ms="7239" status="PASS">
          <reporter-output>
          </reporter-output>
        </test-method> <!-- URL -->
        <test-method signature="transferwithpatient(java.lang.String,java.lang.String,java.lang.String,java.lang.String,java.lang.String,java.lang.String)[pri:0, instance:Testcase.TransferinPatientExcel@196a42c3]" started-at="2024-01-17T19:19:17 IST" name="transferwithpatient" data-provider="getTestData" finished-at="2024-01-17T19:20:08 IST" duration-ms="51431" status="PASS">
          <params>
            <param index="0">
              <value>
                <![CDATA[venetoclax 50 mg tablet ]]>
              </value>
            </param>
            <param index="1">
              <value>
                <![CDATA[kammo]]>
              </value>
            </param>
            <param index="2">
              <value>
                <![CDATA[Donald Duck]]>
              </value>
            </param>
            <param index="3">
              <value>
                <![CDATA[6.0]]>
              </value>
            </param>
            <param index="4">
              <value>
                <![CDATA[554 tablet(s)]]>
              </value>
            </param>
            <param index="5">
              <value>
                <![CDATA[560.0]]>
              </value>
            </param>
          </params>
          <reporter-output>
          </reporter-output>
        </test-method> <!-- transferwithpatient -->
        <test-method is-config="true" signature="tearDown(org.testng.ITestResult)[pri:0, instance:Testcase.TransferinPatientExcel@196a42c3]" started-at="2024-01-17T19:20:08 IST" name="tearDown" finished-at="2024-01-17T19:20:15 IST" duration-ms="6334" status="PASS">
          <params>
            <param index="0">
              <value>
                <![CDATA[[TestResult name=transferwithpatient status=SUCCESS method=TransferinPatientExcel.transferwithpatient(java.lang.String,java.lang.String,java.lang.String,java.lang.String,java.lang.String,java.lang.String)[pri:0, instance:Testcase.TransferinPatientExcel@196a42c3] output={null}]]]>
              </value>
            </param>
          </params>
          <reporter-output>
          </reporter-output>
        </test-method> <!-- tearDown -->
        <test-method is-config="true" signature="URL()[pri:0, instance:Testcase.TransferinPatientExcel@196a42c3]" started-at="2024-01-17T19:20:15 IST" name="URL" finished-at="2024-01-17T19:20:22 IST" duration-ms="7247" status="PASS">
          <reporter-output>
          </reporter-output>
        </test-method> <!-- URL -->
        <test-method signature="transferwithpatient(java.lang.String,java.lang.String,java.lang.String,java.lang.String,java.lang.String,java.lang.String)[pri:0, instance:Testcase.TransferinPatientExcel@196a42c3]" started-at="2024-01-17T19:20:22 IST" name="transferwithpatient" data-provider="getTestData" finished-at="2024-01-17T19:21:13 IST" duration-ms="51376" status="PASS">
          <params>
            <param index="0">
              <value>
                <![CDATA[Repreve 2 mg tablet ]]>
              </value>
            </param>
            <param index="1">
              <value>
                <![CDATA[kammo]]>
              </value>
            </param>
            <param index="2">
              <value>
                <![CDATA[Jim]]>
              </value>
            </param>
            <param index="3">
              <value>
                <![CDATA[8.0]]>
              </value>
            </param>
            <param index="4">
              <value>
                <![CDATA[256 tablet(s)]]>
              </value>
            </param>
            <param index="5">
              <value>
                <![CDATA[264.0]]>
              </value>
            </param>
          </params>
          <reporter-output>
          </reporter-output>
        </test-method> <!-- transferwithpatient -->
        <test-method is-config="true" signature="tearDown(org.testng.ITestResult)[pri:0, instance:Testcase.TransferinPatientExcel@196a42c3]" started-at="2024-01-17T19:21:13 IST" name="tearDown" finished-at="2024-01-17T19:21:20 IST" duration-ms="6896" status="PASS">
          <params>
            <param index="0">
              <value>
                <![CDATA[[TestResult name=transferwithpatient status=SUCCESS method=TransferinPatientExcel.transferwithpatient(java.lang.String,java.lang.String,java.lang.String,java.lang.String,java.lang.String,java.lang.String)[pri:0, instance:Testcase.TransferinPatientExcel@196a42c3] output={null}]]]>
              </value>
            </param>
          </params>
          <reporter-output>
          </reporter-output>
        </test-method> <!-- tearDown -->
        <test-method is-config="true" signature="URL()[pri:0, instance:Testcase.TransferinPatientExcel@196a42c3]" started-at="2024-01-17T19:21:20 IST" name="URL" finished-at="2024-01-17T19:21:28 IST" duration-ms="7612" status="PASS">
          <reporter-output>
          </reporter-output>
        </test-method> <!-- URL -->
        <test-method signature="transferwithpatient(java.lang.String,java.lang.String,java.lang.String,java.lang.String,java.lang.String,java.lang.String)[pri:0, instance:Testcase.TransferinPatientExcel@196a42c3]" started-at="2024-01-17T19:21:28 IST" name="transferwithpatient" data-provider="getTestData" finished-at="2024-01-17T19:22:19 IST" duration-ms="51383" status="PASS">
          <params>
            <param index="0">
              <value>
                <![CDATA[naproxen sodium 220 mg tablet ]]>
              </value>
            </param>
            <param index="1">
              <value>
                <![CDATA[kammo]]>
              </value>
            </param>
            <param index="2">
              <value>
                <![CDATA[Tony Jones]]>
              </value>
            </param>
            <param index="3">
              <value>
                <![CDATA[10.0]]>
              </value>
            </param>
            <param index="4">
              <value>
                <![CDATA[10970 tablet(s)]]>
              </value>
            </param>
            <param index="5">
              <value>
                <![CDATA[10980.0]]>
              </value>
            </param>
          </params>
          <reporter-output>
          </reporter-output>
        </test-method> <!-- transferwithpatient -->
        <test-method is-config="true" signature="tearDown(org.testng.ITestResult)[pri:0, instance:Testcase.TransferinPatientExcel@196a42c3]" started-at="2024-01-17T19:22:19 IST" name="tearDown" finished-at="2024-01-17T19:22:26 IST" duration-ms="6290" status="PASS">
          <params>
            <param index="0">
              <value>
                <![CDATA[[TestResult name=transferwithpatient status=SUCCESS method=TransferinPatientExcel.transferwithpatient(java.lang.String,java.lang.String,java.lang.String,java.lang.String,java.lang.String,java.lang.String)[pri:0, instance:Testcase.TransferinPatientExcel@196a42c3] output={null}]]]>
              </value>
            </param>
          </params>
          <reporter-output>
          </reporter-output>
        </test-method> <!-- tearDown -->
        <test-method is-config="true" signature="tearDown()[pri:0, instance:Testcase.TransferinPatientExcel@196a42c3]" started-at="2024-01-17T19:22:26 IST" name="tearDown" finished-at="2024-01-17T19:22:26 IST" duration-ms="344" status="PASS">
          <reporter-output>
          </reporter-output>
        </test-method> <!-- tearDown -->
        <test-method is-config="true" signature="report()[pri:0, instance:Testcase.TransferinPatientExcel@196a42c3]" started-at="2024-01-17T19:22:26 IST" name="report" finished-at="2024-01-17T19:22:26 IST" duration-ms="0" status="PASS">
          <reporter-output>
          </reporter-output>
        </test-method> <!-- report -->
      </class> <!-- Testcase.TransferinPatientExcel -->
    </test> <!-- Parth -->
  </suite> <!-- FREE CRM Application Test Automation Test Suite -->
</testng-results>
